2025-05-06 14:32:39,232 - test_login.py:[24] - [INFO] - 本用例正在执行：test_login01。获取到的结果是：数据更新成功, 期望的结果是:数据更新成功，返回token
2025-05-06 14:32:39,232 - test_login.py:[24] - [INFO] - 本用例正在执行：test_login01。获取到的结果是：数据更新成功, 期望的结果是:数据更新成功，返回token
2025-05-06 14:32:39,409 - test_login.py:[41] - [INFO] - 本用例正在执行：test_login02。获取到的结果是：密码错误, 期望的结果是:账号错误，不返回token
2025-05-06 14:32:39,409 - test_login.py:[41] - [INFO] - 本用例正在执行：test_login02。获取到的结果是：密码错误, 期望的结果是:账号错误，不返回token
2025-05-06 14:32:39,409 - test_login.py:[41] - [INFO] - 本用例正在执行：test_login02。获取到的结果是：密码错误, 期望的结果是:账号错误，不返回token
2025-05-06 14:32:39,445 - test_login.py:[58] - [INFO] - 本用例正在执行：test_login03。获取到的结果是：用户不存在, 期望的结果是:用户不存在，不返回token
2025-05-06 14:32:39,445 - test_login.py:[58] - [INFO] - 本用例正在执行：test_login03。获取到的结果是：用户不存在, 期望的结果是:用户不存在，不返回token
2025-05-06 14:32:39,445 - test_login.py:[58] - [INFO] - 本用例正在执行：test_login03。获取到的结果是：用户不存在, 期望的结果是:用户不存在，不返回token
2025-05-06 14:32:39,445 - test_login.py:[58] - [INFO] - 本用例正在执行：test_login03。获取到的结果是：用户不存在, 期望的结果是:用户不存在，不返回token
2025-05-06 14:32:48,759 - main1.py:[160] - [INFO] - 钉钉发送状态码: 200
2025-05-06 14:32:51,722 - main1.py:[141] - [INFO] - 邮件发送成功
2025-05-06 14:42:54,398 - test_login.py:[24] - [INFO] - 本用例正在执行：test_login01。获取到的结果是：数据更新成功, 期望的结果是:数据更新成功，返回token
2025-05-06 14:42:54,398 - test_login.py:[24] - [INFO] - 本用例正在执行：test_login01。获取到的结果是：数据更新成功, 期望的结果是:数据更新成功，返回token
2025-05-06 14:42:54,589 - test_login.py:[41] - [INFO] - 本用例正在执行：test_login02。获取到的结果是：密码错误, 期望的结果是:账号错误，不返回token
2025-05-06 14:42:54,589 - test_login.py:[41] - [INFO] - 本用例正在执行：test_login02。获取到的结果是：密码错误, 期望的结果是:账号错误，不返回token
2025-05-06 14:42:54,589 - test_login.py:[41] - [INFO] - 本用例正在执行：test_login02。获取到的结果是：密码错误, 期望的结果是:账号错误，不返回token
2025-05-06 14:42:54,622 - test_login.py:[58] - [INFO] - 本用例正在执行：test_login03。获取到的结果是：用户不存在, 期望的结果是:用户不存在，不返回token
2025-05-06 14:42:54,622 - test_login.py:[58] - [INFO] - 本用例正在执行：test_login03。获取到的结果是：用户不存在, 期望的结果是:用户不存在，不返回token
2025-05-06 14:42:54,622 - test_login.py:[58] - [INFO] - 本用例正在执行：test_login03。获取到的结果是：用户不存在, 期望的结果是:用户不存在，不返回token
2025-05-06 14:42:54,622 - test_login.py:[58] - [INFO] - 本用例正在执行：test_login03。获取到的结果是：用户不存在, 期望的结果是:用户不存在，不返回token
2025-05-06 14:42:58,764 - main1.py:[162] - [INFO] - 钉钉发送状态码: 200
2025-05-06 14:43:00,395 - main1.py:[141] - [INFO] - 邮件发送成功
