2025-05-20 11:03:43,033 - test_factory_modeling.py:[26] - [INFO] - 本用例正在执行：test_productaterials01。获取到的结果是：已有重复数据录入!, 期望的结果是:数据更新成功
2025-05-20 11:03:43,034 - test_factory_modeling.py:[32] - [ERROR] - 登录页面：test_login01 断言失败，展开结果与预期不符
2025-05-20 13:08:52,044 - test_factory_modeling.py:[26] - [INFO] - 本用例正在执行：test_productaterials01。获取到的结果是：数据新增成功, 期望的结果是:数据更新成功
2025-05-20 13:08:52,045 - test_factory_modeling.py:[32] - [ERROR] - 登录页面：test_login01 断言失败，展开结果与预期不符
2025-05-20 13:11:45,278 - test_factory_modeling.py:[26] - [INFO] - 本用例正在执行：test_productaterials01。获取到的结果是：数据新增成功, 期望的结果是:数据新增成功
2025-05-20 13:11:45,281 - test_factory_modeling.py:[32] - [ERROR] - 登录页面：test_login01 断言失败，展开结果与预期不符
2025-05-20 13:11:46,988 - test_factory_modeling.py:[43] - [INFO] - 本用例正在执行：test_productaterials02。获取到的结果是：已有重复数据录入!, 期望的结果是:已有重复数据录入
2025-05-20 13:11:46,988 - test_factory_modeling.py:[49] - [ERROR] - 登录页面：test_login01 断言失败，展开结果与预期不符
2025-05-20 13:13:03,771 - test_factory_modeling.py:[26] - [INFO] - 本用例正在执行：test_productaterials01。获取到的结果是：数据新增成功, 期望的结果是:数据新增成功
2025-05-20 13:13:05,336 - test_factory_modeling.py:[43] - [INFO] - 本用例正在执行：test_productaterials02。获取到的结果是：已有重复数据录入!, 期望的结果是:已有重复数据录入!
2025-05-20 13:14:08,508 - test_factory_modeling.py:[26] - [INFO] - 本用例正在执行：test_productaterials01。获取到的结果是：数据新增成功, 期望的结果是:数据新增成功
2025-05-20 13:14:08,509 - test_factory_modeling.py:[32] - [ERROR] - 登录页面：test_login01 断言失败，展开结果与预期不符
2025-05-20 13:14:09,933 - test_factory_modeling.py:[43] - [INFO] - 本用例正在执行：test_productaterials02。获取到的结果是：已有重复数据录入!, 期望的结果是:已有重复数据录入!
2025-05-20 13:15:59,313 - test_factory_modeling.py:[26] - [INFO] - 本用例正在执行：test_productaterials01。获取到的结果是：数据新增成功, 期望的结果是:数据新增成功
2025-05-20 13:16:00,846 - test_factory_modeling.py:[43] - [INFO] - 本用例正在执行：test_productaterials02。获取到的结果是：已有重复数据录入!, 期望的结果是:已有重复数据录入!
2025-05-20 13:18:32,906 - test_factory_modeling.py:[26] - [INFO] - 本用例正在执行：test_productaterials01。获取到的结果是：数据新增成功, 期望的结果是: 数据新增成功
2025-05-20 13:18:32,907 - test_factory_modeling.py:[32] - [ERROR] - 登录页面：test_login01 断言失败，展开结果与预期不符
2025-05-20 13:18:34,513 - test_factory_modeling.py:[43] - [INFO] - 本用例正在执行：test_productaterials02。获取到的结果是：已有重复数据录入!, 期望的结果是:已有重复数据录入!
2025-05-20 13:20:22,225 - test_factory_modeling.py:[26] - [INFO] - 本用例正在执行：test_productaterials01。获取到的结果是：数据新增成功, 期望的结果是: 数据新增成功
2025-05-20 13:20:23,628 - test_factory_modeling.py:[43] - [INFO] - 本用例正在执行：test_productaterials02。获取到的结果是：已有重复数据录入!, 期望的结果是:已有重复数据录入!
2025-05-20 13:31:22,046 - test_factory_modeling.py:[27] - [INFO] - 本用例正在执行：test_productaterials01。获取到的结果是：数据新增成功, 期望的结果是: 数据新增成功
2025-05-20 13:31:23,523 - test_factory_modeling.py:[44] - [INFO] - 本用例正在执行：test_productaterials02。获取到的结果是：已有重复数据录入!, 期望的结果是:已有重复数据录入!
2025-05-20 13:31:35,376 - test_factory_modeling.py:[27] - [INFO] - 本用例正在执行：test_productaterials01。获取到的结果是：数据新增成功, 期望的结果是: 数据新增成功
2025-05-20 13:31:36,760 - test_factory_modeling.py:[44] - [INFO] - 本用例正在执行：test_productaterials02。获取到的结果是：已有重复数据录入!, 期望的结果是:已有重复数据录入!
2025-05-20 13:52:43,262 - test_factory_modeling.py:[27] - [INFO] - 本用例正在执行：test_productaterials01。获取到的结果是：数据新增成功, 期望的结果是: 数据新增成功
2025-05-20 13:52:44,685 - test_factory_modeling.py:[44] - [INFO] - 本用例正在执行：test_productaterials02。获取到的结果是：已有重复数据录入!, 期望的结果是:已有重复数据录入!
2025-05-20 13:52:46,166 - delete_data.py:[47] - [ERROR] - 未知错误: 'Response' object is not callable
Traceback (most recent call last):
  File "D:\apiAutomationRH\Toolbox\delete_data.py", line 36, in delete_data
    response = delete_method()
TypeError: 'Response' object is not callable
2025-05-20 13:52:54,980 - test_factory_modeling.py:[27] - [INFO] - 本用例正在执行：test_productaterials01。获取到的结果是：数据新增成功, 期望的结果是: 数据新增成功
2025-05-20 13:52:56,442 - test_factory_modeling.py:[44] - [INFO] - 本用例正在执行：test_productaterials02。获取到的结果是：已有重复数据录入!, 期望的结果是:已有重复数据录入!
2025-05-20 13:52:57,962 - delete_data.py:[47] - [ERROR] - 未知错误: 'Response' object is not callable
Traceback (most recent call last):
  File "D:\apiAutomationRH\Toolbox\delete_data.py", line 36, in delete_data
    response = delete_method()
TypeError: 'Response' object is not callable
2025-05-20 14:02:39,303 - delete_data.py:[47] - [ERROR] - 未知错误: 'Response' object is not callable
Traceback (most recent call last):
  File "D:\apiAutomationRH\Toolbox\delete_data.py", line 36, in delete_data
    response = delete_method()
TypeError: 'Response' object is not callable
2025-05-20 14:05:12,359 - delete_data.py:[42] - [INFO] - 物料数据删除成功
2025-05-20 14:05:32,588 - test_factory_modeling.py:[27] - [INFO] - 本用例正在执行：test_productaterials01。获取到的结果是：数据新增成功, 期望的结果是: 数据新增成功
2025-05-20 14:05:33,876 - test_factory_modeling.py:[44] - [INFO] - 本用例正在执行：test_productaterials02。获取到的结果是：已有重复数据录入!, 期望的结果是:已有重复数据录入!
2025-05-20 14:05:35,247 - delete_data.py:[42] - [INFO] - 物料数据删除成功
2025-05-20 14:11:06,887 - test_factory_modeling.py:[61] - [INFO] - 本用例正在执行：test_productaterials01。获取到的结果是：未获取到相关数据!, 期望的结果是: 数据新增成功
2025-05-20 14:11:06,891 - test_factory_modeling.py:[67] - [ERROR] - 登录页面：test_login01 断言失败，展开结果与预期不符
2025-05-20 14:11:08,576 - test_factory_modeling.py:[44] - [INFO] - 本用例正在执行：test_productaterials02。获取到的结果是：数据新增成功, 期望的结果是:已有重复数据录入!
2025-05-20 14:11:08,577 - test_factory_modeling.py:[50] - [ERROR] - 登录页面：test_login01 断言失败，展开结果与预期不符
2025-05-20 14:12:19,968 - test_factory_modeling.py:[27] - [INFO] - 本用例正在执行：test_productaterials01。获取到的结果是：已有重复数据录入!, 期望的结果是: 数据新增成功
2025-05-20 14:12:19,969 - test_factory_modeling.py:[33] - [ERROR] - 登录页面：test_login01 断言失败，展开结果与预期不符
2025-05-20 14:12:22,016 - test_factory_modeling.py:[44] - [INFO] - 本用例正在执行：test_productaterials02。获取到的结果是：已有重复数据录入!, 期望的结果是:已有重复数据录入!
2025-05-20 14:15:28,327 - test_factory_modeling.py:[27] - [INFO] - 本用例正在执行：test_productaterials01。获取到的结果是：数据新增成功, 期望的结果是: 数据新增成功
2025-05-20 14:15:30,293 - test_factory_modeling.py:[61] - [INFO] - 本用例正在执行：test_getMaterialInfoAutoQueryDatas01。获取到的结果是：获取数据成功！, 期望的结果是: 获取数据成功
2025-05-20 14:15:30,294 - test_factory_modeling.py:[67] - [ERROR] - 登录页面：test_getMaterialInfoAutoQueryDatas01 断言失败，展开结果与预期不符
2025-05-20 14:15:31,868 - test_factory_modeling.py:[44] - [INFO] - 本用例正在执行：test_productaterials02。获取到的结果是：已有重复数据录入!, 期望的结果是:已有重复数据录入!
2025-05-20 14:16:15,888 - test_factory_modeling.py:[27] - [INFO] - 本用例正在执行：test_productaterials01。获取到的结果是：数据新增成功, 期望的结果是: 数据新增成功
2025-05-20 14:16:17,260 - test_factory_modeling.py:[61] - [INFO] - 本用例正在执行：test_getMaterialInfoAutoQueryDatas01。获取到的结果是：获取数据成功！, 期望的结果是: 获取数据成功！
2025-05-20 14:16:18,472 - test_factory_modeling.py:[44] - [INFO] - 本用例正在执行：test_productaterials02。获取到的结果是：已有重复数据录入!, 期望的结果是:已有重复数据录入!
2025-05-20 14:23:30,750 - test_factory_modeling.py:[27] - [INFO] - 本用例正在执行：test_productaterials01。获取到的结果是：数据新增成功, 期望的结果是: 数据新增成功
2025-05-20 14:23:32,393 - test_factory_modeling.py:[61] - [INFO] - 本用例正在执行：test_getMaterialInfoAutoQueryDatas01。获取到的结果是：获取数据成功！, 期望的结果是: 获取数据成功！
2025-05-20 14:23:33,820 - test_factory_modeling.py:[78] - [INFO] - 本用例正在执行：test_removeMaterialInfoData01。获取到的结果是：数据删除成功, 期望的结果是: 获取数据成功！
2025-05-20 14:23:35,174 - test_factory_modeling.py:[44] - [INFO] - 本用例正在执行：test_productaterials02。获取到的结果是：数据新增成功, 期望的结果是:已有重复数据录入!
2025-05-20 14:23:35,175 - test_factory_modeling.py:[50] - [ERROR] - 登录页面：test_login01 断言失败，展开结果与预期不符
2025-05-20 14:24:29,633 - test_factory_modeling.py:[27] - [INFO] - 本用例正在执行：test_productaterials01。获取到的结果是：数据新增成功, 期望的结果是: 数据新增成功
2025-05-20 14:24:31,034 - test_factory_modeling.py:[61] - [INFO] - 本用例正在执行：test_getMaterialInfoAutoQueryDatas01。获取到的结果是：获取数据成功！, 期望的结果是: 获取数据成功！
2025-05-20 14:24:32,401 - test_factory_modeling.py:[78] - [INFO] - 本用例正在执行：test_removeMaterialInfoData01。获取到的结果是：数据删除成功, 期望的结果是: 获取数据成功！
2025-05-20 14:24:33,635 - test_factory_modeling.py:[44] - [INFO] - 本用例正在执行：test_productaterials02。获取到的结果是：数据新增成功, 期望的结果是:已有重复数据录入!
2025-05-20 14:24:33,636 - test_factory_modeling.py:[50] - [ERROR] - 登录页面：test_login01 断言失败，展开结果与预期不符
2025-05-20 14:26:43,145 - test_factory_modeling.py:[27] - [INFO] - 本用例正在执行：test_productaterials01。获取到的结果是：已有重复数据录入!, 期望的结果是: 数据新增成功
2025-05-20 14:26:43,146 - test_factory_modeling.py:[33] - [ERROR] - 登录页面：test_login01 断言失败，展开结果与预期不符
2025-05-20 14:26:44,470 - test_factory_modeling.py:[44] - [INFO] - 本用例正在执行：test_productaterials02。获取到的结果是：已有重复数据录入!, 期望的结果是:已有重复数据录入!
2025-05-20 14:26:45,952 - test_factory_modeling.py:[61] - [INFO] - 本用例正在执行：test_getMaterialInfoAutoQueryDatas01。获取到的结果是：获取数据成功！, 期望的结果是: 获取数据成功！
2025-05-20 14:26:47,338 - test_factory_modeling.py:[78] - [INFO] - 本用例正在执行：test_removeMaterialInfoData01。获取到的结果是：数据删除成功, 期望的结果是: 获取数据成功！
2025-05-20 14:27:00,238 - test_factory_modeling.py:[27] - [INFO] - 本用例正在执行：test_productaterials01。获取到的结果是：数据新增成功, 期望的结果是: 数据新增成功
2025-05-20 14:27:01,667 - test_factory_modeling.py:[44] - [INFO] - 本用例正在执行：test_productaterials02。获取到的结果是：已有重复数据录入!, 期望的结果是:已有重复数据录入!
2025-05-20 14:27:03,182 - test_factory_modeling.py:[61] - [INFO] - 本用例正在执行：test_getMaterialInfoAutoQueryDatas01。获取到的结果是：获取数据成功！, 期望的结果是: 获取数据成功！
2025-05-20 14:27:04,885 - test_factory_modeling.py:[78] - [INFO] - 本用例正在执行：test_removeMaterialInfoData01。获取到的结果是：数据删除成功, 期望的结果是: 获取数据成功！
2025-05-20 15:18:41,581 - test_factory_modeling.py:[27] - [INFO] - 本用例正在执行：test_productaterials01。获取到的结果是：已有重复数据录入!, 期望的结果是: 数据新增成功
2025-05-20 15:18:41,584 - test_factory_modeling.py:[33] - [ERROR] - 登录页面：test_login01 断言失败，展开结果与预期不符
2025-05-20 15:18:43,288 - test_factory_modeling.py:[44] - [INFO] - 本用例正在执行：test_productaterials02。获取到的结果是：已有重复数据录入!, 期望的结果是:已有重复数据录入!
2025-05-20 15:18:45,539 - test_factory_modeling.py:[61] - [INFO] - 本用例正在执行：test_getMaterialInfoAutoQueryDatas01。获取到的结果是：获取数据成功！, 期望的结果是: 获取数据成功！
2025-05-20 15:18:47,595 - test_factory_modeling.py:[78] - [INFO] - 本用例正在执行：test_removeMaterialInfoData01。获取到的结果是：数据删除成功, 期望的结果是: 获取数据成功！
2025-05-20 15:18:51,470 - test_factory_modeling.py:[96] - [INFO] - 本用例正在执行：test_storeManufactureBomData01。获取到的结果是：数据新增成功, 期望的结果是: 获取数据成功
2025-05-20 15:19:24,947 - delete_data.py:[42] - [INFO] - 物料数据删除成功
2025-05-20 15:19:26,869 - test_factory_modeling.py:[28] - [INFO] - 本用例正在执行：test_productaterials01。获取到的结果是：数据新增成功, 期望的结果是: 数据新增成功
2025-05-20 15:19:28,544 - test_factory_modeling.py:[45] - [INFO] - 本用例正在执行：test_productaterials02。获取到的结果是：已有重复数据录入!, 期望的结果是:已有重复数据录入!
2025-05-20 15:19:30,656 - test_factory_modeling.py:[61] - [INFO] - 本用例正在执行：test_getMaterialInfoAutoQueryDatas01。获取到的结果是：获取数据成功！, 期望的结果是: 获取数据成功！
2025-05-20 15:19:32,340 - test_factory_modeling.py:[78] - [INFO] - 本用例正在执行：test_removeMaterialInfoData01。获取到的结果是：数据删除成功, 期望的结果是: 获取数据成功！
2025-05-20 15:19:35,452 - test_factory_modeling.py:[96] - [INFO] - 本用例正在执行：test_storeManufactureBomData01。获取到的结果是：BOM版本号【】已存在！请新增BOM版本号, 期望的结果是: 获取数据成功
2025-05-20 15:19:35,452 - test_factory_modeling.py:[103] - [ERROR] - 登录页面：test_storeManufactureBomData01 断言失败，展开结果与预期不符
2025-05-20 15:28:18,489 - delete_data.py:[42] - [INFO] - 物料数据删除成功
2025-05-20 15:28:19,919 - test_factory_modeling.py:[28] - [INFO] - 本用例正在执行：test_productaterials01。获取到的结果是：数据新增成功, 期望的结果是: 数据新增成功
2025-05-20 15:28:21,244 - test_factory_modeling.py:[45] - [INFO] - 本用例正在执行：test_productaterials02。获取到的结果是：已有重复数据录入!, 期望的结果是:已有重复数据录入!
2025-05-20 15:28:22,771 - test_factory_modeling.py:[61] - [INFO] - 本用例正在执行：test_getMaterialInfoAutoQueryDatas01。获取到的结果是：获取数据成功！, 期望的结果是: 获取数据成功！
2025-05-20 15:28:24,282 - test_factory_modeling.py:[78] - [INFO] - 本用例正在执行：test_removeMaterialInfoData01。获取到的结果是：数据删除成功, 期望的结果是: 获取数据成功！
2025-05-20 15:28:27,025 - test_factory_modeling.py:[96] - [INFO] - 本用例正在执行：test_storeManufactureBomData01。获取到的结果是：数据新增成功, 期望的结果是: 获取数据成功
2025-05-20 15:28:28,427 - test_factory_modeling.py:[114] - [INFO] - 本用例正在执行：test_storeManufactureBomData02。获取到的结果是：BOM版本号【520】已存在！请新增BOM版本号, 期望的结果是: BOM版本号【520】已存在！请新增BOM版本号
2025-05-20 15:28:28,428 - test_factory_modeling.py:[120] - [ERROR] - 登录页面：test_storeManufactureBomData01 断言失败，展开结果与预期不符
2025-05-20 15:29:00,186 - delete_data.py:[42] - [INFO] - 物料数据删除成功
2025-05-20 15:29:01,867 - test_factory_modeling.py:[28] - [INFO] - 本用例正在执行：test_productaterials01。获取到的结果是：数据新增成功, 期望的结果是: 数据新增成功
2025-05-20 15:29:03,412 - test_factory_modeling.py:[45] - [INFO] - 本用例正在执行：test_productaterials02。获取到的结果是：已有重复数据录入!, 期望的结果是:已有重复数据录入!
2025-05-20 15:29:04,979 - test_factory_modeling.py:[61] - [INFO] - 本用例正在执行：test_getMaterialInfoAutoQueryDatas01。获取到的结果是：获取数据成功！, 期望的结果是: 获取数据成功！
2025-05-20 15:29:06,729 - test_factory_modeling.py:[78] - [INFO] - 本用例正在执行：test_removeMaterialInfoData01。获取到的结果是：数据删除成功, 期望的结果是: 获取数据成功！
2025-05-20 15:29:10,219 - test_factory_modeling.py:[96] - [INFO] - 本用例正在执行：test_storeManufactureBomData01。获取到的结果是：数据新增成功, 期望的结果是: 获取数据成功
2025-05-20 15:29:11,701 - test_factory_modeling.py:[114] - [INFO] - 本用例正在执行：test_storeManufactureBomData02。获取到的结果是：BOM版本号【520】已存在！请新增BOM版本号, 期望的结果是: BOM版本号【520】已存在！请新增BOM版本号
2025-05-20 16:04:21,319 - delete_data.py:[42] - [INFO] - 物料数据删除成功
2025-05-20 16:04:22,742 - test_factory_modeling.py:[28] - [INFO] - 本用例正在执行：test_productaterials01。获取到的结果是：数据新增成功, 期望的结果是: 数据新增成功
2025-05-20 16:04:24,349 - test_factory_modeling.py:[45] - [INFO] - 本用例正在执行：test_productaterials02。获取到的结果是：已有重复数据录入!, 期望的结果是:已有重复数据录入!
2025-05-20 16:04:25,988 - test_factory_modeling.py:[61] - [INFO] - 本用例正在执行：test_getMaterialInfoAutoQueryDatas01。获取到的结果是：获取数据成功！, 期望的结果是: 获取数据成功！
2025-05-20 16:04:28,276 - test_factory_modeling.py:[78] - [INFO] - 本用例正在执行：test_removeMaterialInfoData01。获取到的结果是：数据删除成功, 期望的结果是: 获取数据成功！
2025-05-20 16:04:31,522 - test_factory_modeling.py:[96] - [INFO] - 本用例正在执行：test_storeManufactureBomData01。获取到的结果是：数据新增成功, 期望的结果是: 获取数据成功
2025-05-20 16:04:33,041 - test_factory_modeling.py:[114] - [INFO] - 本用例正在执行：test_storeManufactureBomData02。获取到的结果是：BOM版本号【520】已存在！请新增BOM版本号, 期望的结果是: BOM版本号【520】已存在！请新增BOM版本号
2025-05-20 16:04:34,730 - test_factory_modeling.py:[131] - [INFO] - 本用例正在执行：test_getGetBomMasterViewAutoQueryDatas01。获取到的结果是：获取数据成功！, 期望的结果是:数据查询成功
2025-05-20 16:04:34,730 - test_factory_modeling.py:[138] - [ERROR] - 制造BOM页面：test_getGetBomMasterViewAutoQueryDatas01 断言失败，展开结果与预期不符
2025-05-20 16:04:38,498 - test_factory_modeling.py:[149] - [INFO] - 本用例正在执行：test_gremoveManufactureBomData01。获取到的结果是：数据删除成功, 数据删除成功
2025-05-20 16:05:27,153 - delete_data.py:[42] - [INFO] - 物料数据删除成功
2025-05-20 16:05:28,445 - test_factory_modeling.py:[28] - [INFO] - 本用例正在执行：test_productaterials01。获取到的结果是：数据新增成功, 期望的结果是: 数据新增成功
2025-05-20 16:05:29,989 - test_factory_modeling.py:[45] - [INFO] - 本用例正在执行：test_productaterials02。获取到的结果是：已有重复数据录入!, 期望的结果是:已有重复数据录入!
2025-05-20 16:05:31,632 - test_factory_modeling.py:[61] - [INFO] - 本用例正在执行：test_getMaterialInfoAutoQueryDatas01。获取到的结果是：获取数据成功！, 期望的结果是: 获取数据成功！
2025-05-20 16:05:33,002 - test_factory_modeling.py:[78] - [INFO] - 本用例正在执行：test_removeMaterialInfoData01。获取到的结果是：数据删除成功, 期望的结果是: 获取数据成功！
2025-05-20 16:05:35,933 - test_factory_modeling.py:[96] - [INFO] - 本用例正在执行：test_storeManufactureBomData01。获取到的结果是：BOM版本号【520】已存在！请新增BOM版本号, 期望的结果是: 获取数据成功
2025-05-20 16:05:35,934 - test_factory_modeling.py:[103] - [ERROR] - 制造BOM页面：test_storeManufactureBomData01 断言失败，展开结果与预期不符
2025-05-20 16:05:37,655 - test_factory_modeling.py:[114] - [INFO] - 本用例正在执行：test_storeManufactureBomData02。获取到的结果是：BOM版本号【520】已存在！请新增BOM版本号, 期望的结果是: BOM版本号【520】已存在！请新增BOM版本号
2025-05-20 16:05:39,435 - test_factory_modeling.py:[131] - [INFO] - 本用例正在执行：test_getGetBomMasterViewAutoQueryDatas01。获取到的结果是：获取数据成功！, 期望的结果是:获取数据成功！
2025-05-20 16:05:42,737 - test_factory_modeling.py:[149] - [INFO] - 本用例正在执行：test_gremoveManufactureBomData01。获取到的结果是：数据删除成功, 数据删除成功
2025-05-20 16:10:13,244 - delete_data.py:[42] - [INFO] - 物料数据删除成功
2025-05-20 16:10:15,091 - test_factory_modeling.py:[28] - [INFO] - 本用例正在执行：test_productaterials01。获取到的结果是：数据新增成功, 期望的结果是: 数据新增成功
2025-05-20 16:10:16,995 - test_factory_modeling.py:[45] - [INFO] - 本用例正在执行：test_productaterials02。获取到的结果是：已有重复数据录入!, 期望的结果是:已有重复数据录入!
2025-05-20 16:10:18,856 - test_factory_modeling.py:[61] - [INFO] - 本用例正在执行：test_getMaterialInfoAutoQueryDatas01。获取到的结果是：获取数据成功！, 期望的结果是: 获取数据成功！
2025-05-20 16:10:21,454 - test_factory_modeling.py:[78] - [INFO] - 本用例正在执行：test_removeMaterialInfoData01。获取到的结果是：数据删除成功, 期望的结果是: 获取数据成功！
2025-05-20 16:10:26,651 - test_factory_modeling.py:[96] - [INFO] - 本用例正在执行：test_storeManufactureBomData01。获取到的结果是：数据新增成功, 期望的结果是: 获取数据成功
2025-05-20 16:10:28,415 - test_factory_modeling.py:[114] - [INFO] - 本用例正在执行：test_storeManufactureBomData02。获取到的结果是：BOM版本号【520】已存在！请新增BOM版本号, 期望的结果是: BOM版本号【520】已存在！请新增BOM版本号
2025-05-20 16:10:29,959 - test_factory_modeling.py:[131] - [INFO] - 本用例正在执行：test_getGetBomMasterViewAutoQueryDatas01。获取到的结果是：获取数据成功！, 期望的结果是:获取数据成功！
2025-05-20 16:10:33,113 - test_factory_modeling.py:[149] - [INFO] - 本用例正在执行：test_gremoveManufactureBomData01。获取到的结果是：数据删除成功, 数据删除成功
2025-05-20 16:10:34,524 - delete_data.py:[42] - [INFO] - 物料数据删除成功
2025-05-20 16:23:12,167 - delete_data.py:[42] - [INFO] - 物料数据删除成功
2025-05-20 16:23:14,035 - test_factory_modeling.py:[28] - [INFO] - 本用例正在执行：test_productaterials01。获取到的结果是：数据新增成功, 期望的结果是: 数据新增成功
2025-05-20 16:23:15,913 - test_factory_modeling.py:[45] - [INFO] - 本用例正在执行：test_productaterials02。获取到的结果是：已有重复数据录入!, 期望的结果是:已有重复数据录入!
2025-05-20 16:23:17,505 - test_factory_modeling.py:[61] - [INFO] - 本用例正在执行：test_getMaterialInfoAutoQueryDatas01。获取到的结果是：获取数据成功！, 期望的结果是: 获取数据成功！
2025-05-20 16:23:19,086 - test_factory_modeling.py:[78] - [INFO] - 本用例正在执行：test_removeMaterialInfoData01。获取到的结果是：数据删除成功, 期望的结果是: 获取数据成功！
2025-05-20 16:23:21,796 - test_factory_modeling.py:[96] - [INFO] - 本用例正在执行：test_storeManufactureBomData01。获取到的结果是：BOM版本号【520】已存在！请新增BOM版本号, 期望的结果是: 获取数据成功
2025-05-20 16:23:21,798 - test_factory_modeling.py:[103] - [ERROR] - 制造BOM页面：test_storeManufactureBomData01 断言失败，展开结果与预期不符
2025-05-20 16:23:23,201 - test_factory_modeling.py:[114] - [INFO] - 本用例正在执行：test_storeManufactureBomData02。获取到的结果是：BOM版本号【520】已存在！请新增BOM版本号, 期望的结果是: BOM版本号【520】已存在！请新增BOM版本号
2025-05-20 16:23:24,637 - test_factory_modeling.py:[131] - [INFO] - 本用例正在执行：test_getGetBomMasterViewAutoQueryDatas01。获取到的结果是：获取数据成功！, 期望的结果是:获取数据成功！
2025-05-20 16:23:27,733 - test_factory_modeling.py:[149] - [INFO] - 本用例正在执行：test_gremoveManufactureBomData01。获取到的结果是：数据删除成功, 数据删除成功
2025-05-20 16:23:29,144 - delete_data.py:[42] - [INFO] - 物料数据删除成功
2025-05-20 16:25:23,897 - delete_data.py:[42] - [INFO] - 物料数据删除成功
2025-05-20 16:25:25,505 - test_factory_modeling.py:[28] - [INFO] - 本用例正在执行：test_productaterials01。获取到的结果是：数据新增成功, 期望的结果是: 数据新增成功
2025-05-20 16:25:27,164 - test_factory_modeling.py:[45] - [INFO] - 本用例正在执行：test_productaterials02。获取到的结果是：已有重复数据录入!, 期望的结果是:已有重复数据录入!
2025-05-20 16:25:28,608 - test_factory_modeling.py:[61] - [INFO] - 本用例正在执行：test_getMaterialInfoAutoQueryDatas01。获取到的结果是：获取数据成功！, 期望的结果是: 获取数据成功！
2025-05-20 16:25:30,151 - test_factory_modeling.py:[78] - [INFO] - 本用例正在执行：test_removeMaterialInfoData01。获取到的结果是：数据删除成功, 期望的结果是: 获取数据成功！
2025-05-20 16:25:32,926 - test_factory_modeling.py:[96] - [INFO] - 本用例正在执行：test_storeManufactureBomData01。获取到的结果是：数据新增成功, 期望的结果是: 获取数据成功
2025-05-20 16:25:34,275 - test_factory_modeling.py:[114] - [INFO] - 本用例正在执行：test_storeManufactureBomData02。获取到的结果是：BOM版本号【520】已存在！请新增BOM版本号, 期望的结果是: BOM版本号【520】已存在！请新增BOM版本号
2025-05-20 16:25:35,975 - test_factory_modeling.py:[131] - [INFO] - 本用例正在执行：test_getGetBomMasterViewAutoQueryDatas01。获取到的结果是：获取数据成功！, 期望的结果是:获取数据成功！
2025-05-20 16:25:39,850 - test_factory_modeling.py:[149] - [INFO] - 本用例正在执行：test_gremoveManufactureBomData01。获取到的结果是：数据删除成功, 数据删除成功
2025-05-20 16:25:41,309 - delete_data.py:[42] - [INFO] - 物料数据删除成功
2025-05-20 16:28:59,727 - delete_data.py:[42] - [INFO] - 物料数据删除成功
2025-05-20 16:29:01,318 - test_factory_modeling.py:[28] - [INFO] - 本用例正在执行：test_productaterials01。获取到的结果是：数据新增成功, 期望的结果是: 数据新增成功
2025-05-20 16:29:02,871 - test_factory_modeling.py:[45] - [INFO] - 本用例正在执行：test_productaterials02。获取到的结果是：已有重复数据录入!, 期望的结果是:已有重复数据录入!
2025-05-20 16:29:04,233 - test_factory_modeling.py:[61] - [INFO] - 本用例正在执行：test_getMaterialInfoAutoQueryDatas01。获取到的结果是：获取数据成功！, 期望的结果是: 获取数据成功！
2025-05-20 16:29:05,644 - test_factory_modeling.py:[78] - [INFO] - 本用例正在执行：test_removeMaterialInfoData01。获取到的结果是：数据删除成功, 期望的结果是: 获取数据成功！
2025-05-20 16:29:08,405 - test_factory_modeling.py:[96] - [INFO] - 本用例正在执行：test_storeManufactureBomData01。获取到的结果是：BOM版本号【520】已存在！请新增BOM版本号, 期望的结果是: 获取数据成功
2025-05-20 16:29:08,408 - test_factory_modeling.py:[103] - [ERROR] - 制造BOM页面：test_storeManufactureBomData01 断言失败，展开结果与预期不符
2025-05-20 16:29:09,990 - test_factory_modeling.py:[114] - [INFO] - 本用例正在执行：test_storeManufactureBomData02。获取到的结果是：BOM版本号【520】已存在！请新增BOM版本号, 期望的结果是: BOM版本号【520】已存在！请新增BOM版本号
2025-05-20 16:29:11,367 - test_factory_modeling.py:[131] - [INFO] - 本用例正在执行：test_getGetBomMasterViewAutoQueryDatas01。获取到的结果是：获取数据成功！, 期望的结果是:获取数据成功！
2025-05-20 16:29:14,237 - test_factory_modeling.py:[149] - [INFO] - 本用例正在执行：test_gremoveManufactureBomData01。获取到的结果是：数据删除成功, 数据删除成功
2025-05-20 16:29:15,929 - delete_data.py:[42] - [INFO] - 物料数据删除成功
2025-05-20 16:35:11,752 - delete_data.py:[42] - [INFO] - 物料数据删除成功
2025-05-20 16:35:13,404 - test_factory_modeling.py:[28] - [INFO] - 本用例正在执行：test_productaterials01。获取到的结果是：数据新增成功, 期望的结果是: 数据新增成功
2025-05-20 16:35:17,472 - test_factory_modeling.py:[45] - [INFO] - 本用例正在执行：test_productaterials02。获取到的结果是：已有重复数据录入!, 期望的结果是:已有重复数据录入!
2025-05-20 16:35:21,583 - test_factory_modeling.py:[61] - [INFO] - 本用例正在执行：test_getMaterialInfoAutoQueryDatas01。获取到的结果是：获取数据成功！, 期望的结果是: 获取数据成功！
2025-05-20 16:35:27,212 - test_factory_modeling.py:[78] - [INFO] - 本用例正在执行：test_removeMaterialInfoData01。获取到的结果是：数据删除成功, 期望的结果是: 获取数据成功！
2025-05-20 16:35:35,618 - test_factory_modeling.py:[96] - [INFO] - 本用例正在执行：test_storeManufactureBomData01。获取到的结果是：数据新增成功, 期望的结果是: 获取数据成功
2025-05-20 16:35:37,617 - test_factory_modeling.py:[114] - [INFO] - 本用例正在执行：test_storeManufactureBomData02。获取到的结果是：BOM版本号【520】已存在！请新增BOM版本号, 期望的结果是: BOM版本号【520】已存在！请新增BOM版本号
2025-05-20 16:35:40,139 - test_factory_modeling.py:[131] - [INFO] - 本用例正在执行：test_getGetBomMasterViewAutoQueryDatas01。获取到的结果是：获取数据成功！, 期望的结果是:获取数据成功！
2025-05-20 16:35:44,699 - test_factory_modeling.py:[149] - [INFO] - 本用例正在执行：test_gremoveManufactureBomData01。获取到的结果是：数据删除成功, 数据删除成功
2025-05-20 16:35:46,877 - delete_data.py:[42] - [INFO] - 物料数据删除成功
2025-05-20 16:49:47,050 - test_factory_modeling.py:[96] - [INFO] - 本用例正在执行：test_storeManufactureBomData01。获取到的结果是：BOM版本号【520】已存在！请新增BOM版本号, 期望的结果是: 数据新增成功
2025-05-20 16:49:47,052 - test_factory_modeling.py:[103] - [ERROR] - 制造BOM页面：test_storeManufactureBomData01 断言失败，展开结果与预期不符
2025-05-20 16:49:49,380 - test_factory_modeling.py:[114] - [INFO] - 本用例正在执行：test_storeManufactureBomData02。获取到的结果是：BOM版本号【520】已存在！请新增BOM版本号, 期望的结果是: BOM版本号【520】已存在！请新增BOM版本号
2025-05-20 16:50:44,269 - test_factory_modeling.py:[96] - [INFO] - 本用例正在执行：test_storeManufactureBomData01。获取到的结果是：数据新增成功, 期望的结果是: 数据新增成功
2025-05-20 16:50:45,991 - test_factory_modeling.py:[114] - [INFO] - 本用例正在执行：test_storeManufactureBomData02。获取到的结果是：BOM版本号【520】已存在！请新增BOM版本号, 期望的结果是: BOM版本号【520】已存在！请新增BOM版本号
2025-05-20 16:53:41,373 - test_factory_modeling.py:[96] - [INFO] - 本用例正在执行：test_storeManufactureBomData01。获取到的结果是：BOM版本号【520】已存在！请新增BOM版本号, 期望的结果是: 数据新增成功
2025-05-20 16:53:41,376 - test_factory_modeling.py:[103] - [ERROR] - 制造BOM页面：test_storeManufactureBomData01 断言失败，展开结果与预期不符
2025-05-20 16:55:15,331 - test_factory_modeling.py:[96] - [INFO] - 本用例正在执行：test_storeManufactureBomData01。获取到的结果是：数据新增成功, 期望的结果是: 数据新增成功
2025-05-20 16:55:17,116 - test_factory_modeling.py:[114] - [INFO] - 本用例正在执行：test_storeManufactureBomData02。获取到的结果是：BOM版本号【520】已存在！请新增BOM版本号, 期望的结果是: BOM版本号【520】已存在！请新增BOM版本号
2025-05-20 16:59:05,489 - test_factory_modeling.py:[96] - [INFO] - 本用例正在执行：test_storeManufactureBomData01。获取到的结果是：数据新增成功, 期望的结果是: 数据新增成功
2025-05-20 16:59:06,884 - test_factory_modeling.py:[114] - [INFO] - 本用例正在执行：test_storeManufactureBomData02。获取到的结果是：BOM版本号【520】已存在！请新增BOM版本号, 期望的结果是: BOM版本号【520】已存在！请新增BOM版本号
2025-05-20 17:00:07,102 - delete_data.py:[42] - [INFO] - 物料数据删除成功
2025-05-20 17:00:08,638 - test_factory_modeling.py:[28] - [INFO] - 本用例正在执行：test_productaterials01。获取到的结果是：数据新增成功, 期望的结果是: 数据新增成功
2025-05-20 17:00:10,091 - test_factory_modeling.py:[45] - [INFO] - 本用例正在执行：test_productaterials02。获取到的结果是：已有重复数据录入!, 期望的结果是:已有重复数据录入!
2025-05-20 17:00:11,813 - test_factory_modeling.py:[61] - [INFO] - 本用例正在执行：test_getMaterialInfoAutoQueryDatas01。获取到的结果是：获取数据成功！, 期望的结果是: 获取数据成功！
2025-05-20 17:00:13,468 - test_factory_modeling.py:[78] - [INFO] - 本用例正在执行：test_removeMaterialInfoData01。获取到的结果是：数据删除成功, 期望的结果是: 获取数据成功！
2025-05-20 17:00:18,189 - test_factory_modeling.py:[96] - [INFO] - 本用例正在执行：test_storeManufactureBomData01。获取到的结果是：数据新增成功, 期望的结果是: 数据新增成功
2025-05-20 17:00:20,089 - test_factory_modeling.py:[114] - [INFO] - 本用例正在执行：test_storeManufactureBomData02。获取到的结果是：BOM版本号【520】已存在！请新增BOM版本号, 期望的结果是: BOM版本号【520】已存在！请新增BOM版本号
2025-05-20 17:00:21,767 - test_factory_modeling.py:[130] - [INFO] - 本用例正在执行：test_getGetBomMasterViewAutoQueryDatas01。获取到的结果是：获取数据成功！, 期望的结果是:获取数据成功！
2025-05-20 17:00:24,910 - test_factory_modeling.py:[147] - [INFO] - 本用例正在执行：test_gremoveManufactureBomData01。获取到的结果是：数据删除成功, 数据删除成功
2025-05-20 17:00:26,436 - delete_data.py:[42] - [INFO] - 物料数据删除成功
2025-05-20 17:03:16,384 - delete_data.py:[42] - [INFO] - 物料数据删除成功
2025-05-20 17:03:19,485 - test_factory_modeling.py:[28] - [INFO] - 本用例正在执行：test_productaterials01。获取到的结果是：数据新增成功, 期望的结果是: 数据新增成功
2025-05-20 17:03:21,691 - test_factory_modeling.py:[45] - [INFO] - 本用例正在执行：test_productaterials02。获取到的结果是：已有重复数据录入!, 期望的结果是:已有重复数据录入!
2025-05-20 17:03:23,919 - test_factory_modeling.py:[61] - [INFO] - 本用例正在执行：test_getMaterialInfoAutoQueryDatas01。获取到的结果是：获取数据成功！, 期望的结果是: 获取数据成功！
2025-05-20 17:03:25,790 - test_factory_modeling.py:[78] - [INFO] - 本用例正在执行：test_removeMaterialInfoData01。获取到的结果是：数据删除成功, 期望的结果是: 获取数据成功！
2025-05-20 17:03:29,833 - test_factory_modeling.py:[96] - [INFO] - 本用例正在执行：test_storeManufactureBomData01。获取到的结果是：数据新增成功, 期望的结果是: 数据新增成功
2025-05-20 17:03:32,235 - test_factory_modeling.py:[114] - [INFO] - 本用例正在执行：test_storeManufactureBomData02。获取到的结果是：BOM版本号【520】已存在！请新增BOM版本号, 期望的结果是: BOM版本号【520】已存在！请新增BOM版本号
2025-05-20 17:03:35,184 - test_factory_modeling.py:[130] - [INFO] - 本用例正在执行：test_getGetBomMasterViewAutoQueryDatas01。获取到的结果是：获取数据成功！, 期望的结果是:获取数据成功！
2025-05-20 17:03:42,661 - test_factory_modeling.py:[147] - [INFO] - 本用例正在执行：test_gremoveManufactureBomData01。获取到的结果是：数据删除成功, 数据删除成功
2025-05-20 17:03:45,613 - delete_data.py:[42] - [INFO] - 物料数据删除成功
2025-05-20 17:12:11,427 - delete_data.py:[42] - [INFO] - 物料数据删除成功
2025-05-20 17:12:13,738 - test_factory_modeling.py:[28] - [INFO] - 本用例正在执行：test_productaterials01。获取到的结果是：数据新增成功, 期望的结果是: 数据新增成功
2025-05-20 17:12:16,606 - test_factory_modeling.py:[45] - [INFO] - 本用例正在执行：test_productaterials02。获取到的结果是：已有重复数据录入!, 期望的结果是:已有重复数据录入!
2025-05-20 17:12:20,504 - test_factory_modeling.py:[61] - [INFO] - 本用例正在执行：test_getMaterialInfoAutoQueryDatas01。获取到的结果是：获取数据成功！, 期望的结果是: 获取数据成功！
2025-05-20 17:12:23,614 - test_factory_modeling.py:[78] - [INFO] - 本用例正在执行：test_removeMaterialInfoData01。获取到的结果是：数据删除成功, 期望的结果是: 获取数据成功！
2025-05-20 17:12:28,051 - test_factory_modeling.py:[96] - [INFO] - 本用例正在执行：test_storeManufactureBomData01。获取到的结果是：数据新增成功, 期望的结果是: 数据新增成功
2025-05-20 17:12:30,153 - test_factory_modeling.py:[114] - [INFO] - 本用例正在执行：test_storeManufactureBomData02。获取到的结果是：BOM版本号【520】已存在！请新增BOM版本号, 期望的结果是: BOM版本号【520】已存在！请新增BOM版本号
2025-05-20 17:12:32,637 - test_factory_modeling.py:[130] - [INFO] - 本用例正在执行：test_getGetBomMasterViewAutoQueryDatas01。获取到的结果是：获取数据成功！, 期望的结果是:获取数据成功！
2025-05-20 17:12:36,548 - test_factory_modeling.py:[147] - [INFO] - 本用例正在执行：test_gremoveManufactureBomData01。获取到的结果是：数据删除成功, 数据删除成功
2025-05-20 17:12:38,895 - delete_data.py:[42] - [INFO] - 物料数据删除成功
2025-05-20 17:35:03,131 - delete_data.py:[42] - [INFO] - 物料数据删除成功
2025-05-20 17:35:05,195 - test_factory_modeling.py:[28] - [INFO] - 本用例正在执行：test_productaterials01。获取到的结果是：数据新增成功, 期望的结果是: 数据新增成功
2025-05-20 17:35:06,907 - test_factory_modeling.py:[45] - [INFO] - 本用例正在执行：test_productaterials02。获取到的结果是：已有重复数据录入!, 期望的结果是:已有重复数据录入!
2025-05-20 17:35:08,569 - test_factory_modeling.py:[61] - [INFO] - 本用例正在执行：test_getMaterialInfoAutoQueryDatas01。获取到的结果是：获取数据成功！, 期望的结果是: 获取数据成功！
2025-05-20 17:35:10,392 - test_factory_modeling.py:[78] - [INFO] - 本用例正在执行：test_removeMaterialInfoData01。获取到的结果是：数据删除成功, 期望的结果是: 获取数据成功！
2025-05-20 17:35:14,204 - test_factory_modeling.py:[96] - [INFO] - 本用例正在执行：test_storeManufactureBomData01。获取到的结果是：数据新增成功, 期望的结果是: 数据新增成功
2025-05-20 17:35:15,964 - test_factory_modeling.py:[114] - [INFO] - 本用例正在执行：test_storeManufactureBomData02。获取到的结果是：BOM版本号【520】已存在！请新增BOM版本号, 期望的结果是: BOM版本号【520】已存在！请新增BOM版本号
2025-05-20 17:35:17,643 - test_factory_modeling.py:[130] - [INFO] - 本用例正在执行：test_getGetBomMasterViewAutoQueryDatas01。获取到的结果是：获取数据成功！, 期望的结果是:获取数据成功！
2025-05-20 17:35:20,817 - test_factory_modeling.py:[147] - [INFO] - 本用例正在执行：test_gremoveManufactureBomData01。获取到的结果是：数据删除成功, 数据删除成功
2025-05-20 17:35:22,360 - delete_data.py:[42] - [INFO] - 物料数据删除成功
2025-05-20 17:39:12,803 - delete_data.py:[42] - [INFO] - 物料数据删除成功
2025-05-20 17:39:14,286 - test_factory_modeling.py:[28] - [INFO] - 本用例正在执行：test_productaterials01。获取到的结果是：数据新增成功, 期望的结果是: 数据新增成功
2025-05-20 17:39:15,998 - test_factory_modeling.py:[45] - [INFO] - 本用例正在执行：test_productaterials02。获取到的结果是：已有重复数据录入!, 期望的结果是:已有重复数据录入!
2025-05-20 17:39:17,441 - test_factory_modeling.py:[61] - [INFO] - 本用例正在执行：test_getMaterialInfoAutoQueryDatas01。获取到的结果是：获取数据成功！, 期望的结果是: 获取数据成功！
2025-05-20 17:39:18,813 - test_factory_modeling.py:[78] - [INFO] - 本用例正在执行：test_removeMaterialInfoData01。获取到的结果是：数据删除成功, 期望的结果是: 获取数据成功！
2025-05-20 17:39:21,647 - test_factory_modeling.py:[96] - [INFO] - 本用例正在执行：test_storeManufactureBomData01。获取到的结果是：数据新增成功, 期望的结果是: 数据新增成功
2025-05-20 17:39:23,146 - test_factory_modeling.py:[114] - [INFO] - 本用例正在执行：test_storeManufactureBomData02。获取到的结果是：数据新增成功, 期望的结果是: BOM版本号【520】已存在！请新增BOM版本号
2025-05-20 17:39:23,147 - test_factory_modeling.py:[119] - [ERROR] - 制造BOM页面：test_storeManufactureBomData01 断言失败，展开结果与预期不符
2025-05-20 17:39:24,541 - test_factory_modeling.py:[130] - [INFO] - 本用例正在执行：test_getGetBomMasterViewAutoQueryDatas01。获取到的结果是：获取数据成功！, 期望的结果是:获取数据成功！
2025-05-20 17:39:27,283 - test_factory_modeling.py:[147] - [INFO] - 本用例正在执行：test_gremoveManufactureBomData01。获取到的结果是：数据删除成功, 数据删除成功
2025-05-20 17:39:28,980 - delete_data.py:[42] - [INFO] - 物料数据删除成功
2025-05-20 17:44:52,699 - delete_data.py:[42] - [INFO] - 物料数据删除成功
2025-05-20 17:44:54,095 - test_product_materials.py:[28] - [INFO] - 本用例正在执行：test_productaterials01。获取到的结果是：数据新增成功, 期望的结果是: 数据新增成功
2025-05-20 17:44:55,417 - test_product_materials.py:[45] - [INFO] - 本用例正在执行：test_productaterials02。获取到的结果是：已有重复数据录入!, 期望的结果是:已有重复数据录入!
2025-05-20 17:44:56,813 - test_product_materials.py:[61] - [INFO] - 本用例正在执行：test_getMaterialInfoAutoQueryDatas01。获取到的结果是：获取数据成功！, 期望的结果是: 获取数据成功！
2025-05-20 17:44:58,101 - test_product_materials.py:[78] - [INFO] - 本用例正在执行：test_removeMaterialInfoData01。获取到的结果是：数据删除成功, 期望的结果是: 获取数据成功！
2025-05-20 17:45:00,562 - test_product_materials.py:[96] - [INFO] - 本用例正在执行：test_storeManufactureBomData01。获取到的结果是：数据新增成功, 期望的结果是: 数据新增成功
2025-05-20 17:45:01,921 - test_product_materials.py:[130] - [INFO] - 本用例正在执行：test_getGetBomMasterViewAutoQueryDatas01。获取到的结果是：获取数据成功！, 期望的结果是:获取数据成功！
2025-05-20 17:45:04,591 - test_product_materials.py:[147] - [INFO] - 本用例正在执行：test_gremoveManufactureBomData01。获取到的结果是：数据删除成功, 数据删除成功
2025-05-20 17:45:06,025 - delete_data.py:[42] - [INFO] - 物料数据删除成功
2025-05-20 18:17:51,930 - test_process_related.py:[25] - [INFO] - 本用例正在执行：test_storeProcessInfoData01。获取到的结果是：数据新增成功, 期望的结果是: 数据新增成功
2025-05-20 18:18:01,203 - test_process_related.py:[25] - [INFO] - 本用例正在执行：test_storeProcessInfoData01。获取到的结果是：已有重复数据录入!, 期望的结果是: 数据新增成功
2025-05-20 18:18:01,204 - test_process_related.py:[31] - [ERROR] - 物料信息维护页面：test_storeProcessInfoData01 断言失败，展开结果与预期不符
